ноя 20, 2021 8:32:08 PM com.pb.kaganovich.hw9.FileNumbers main
INFO: Начинаю обработку...
ноя 20, 2021 8:32:09 PM com.pb.kaganovich.hw9.FileNumbers createNumbersFile
INFO: Метод createNumbersFile() стартует
ноя 20, 2021 8:32:09 PM com.pb.kaganovich.hw9.FileNumbers createNumbersFile
SEVERE: Ошибка создания исходного файла 
java.nio.file.NoSuchFileException: sr1c\com\pb\kaganovich\hw9\numbers.txt
	at sun.nio.fs.WindowsException.translateToIOException(WindowsException.java:79)
	at sun.nio.fs.WindowsException.rethrowAsIOException(WindowsException.java:97)
	at sun.nio.fs.WindowsException.rethrowAsIOException(WindowsException.java:102)
	at sun.nio.fs.WindowsFileSystemProvider.newByteChannel(WindowsFileSystemProvider.java:230)
	at java.nio.file.spi.FileSystemProvider.newOutputStream(FileSystemProvider.java:434)
	at java.nio.file.Files.newOutputStream(Files.java:216)
	at java.nio.file.Files.newBufferedWriter(Files.java:2860)
	at java.nio.file.Files.newBufferedWriter(Files.java:2896)
	at com.pb.kaganovich.hw9.FileNumbers.createNumbersFile(FileNumbers.java:26)
	at com.pb.kaganovich.hw9.FileNumbers.main(FileNumbers.java:81)

ноя 20, 2021 8:32:09 PM com.pb.kaganovich.hw9.FileNumbers createNumbersFile
INFO: Метод createNumbersFile() завершает работу 
ноя 20, 2021 8:32:09 PM com.pb.kaganovich.hw9.FileNumbers createOddNumbersFile
INFO: Метод createOddNumbersFile() стартует
ноя 20, 2021 8:32:09 PM com.pb.kaganovich.hw9.FileNumbers createOddNumbersFile
SEVERE: Ошибка обработки исходного файла 
java.nio.file.NoSuchFileException: sr1c\com\pb\kaganovich\hw9\numbers.txt
	at sun.nio.fs.WindowsException.translateToIOException(WindowsException.java:79)
	at sun.nio.fs.WindowsException.rethrowAsIOException(WindowsException.java:97)
	at sun.nio.fs.WindowsException.rethrowAsIOException(WindowsException.java:102)
	at sun.nio.fs.WindowsFileSystemProvider.newByteChannel(WindowsFileSystemProvider.java:230)
	at java.nio.file.Files.newByteChannel(Files.java:361)
	at java.nio.file.Files.newByteChannel(Files.java:407)
	at java.nio.file.spi.FileSystemProvider.newInputStream(FileSystemProvider.java:384)
	at java.nio.file.Files.newInputStream(Files.java:152)
	at java.util.Scanner.<init>(Scanner.java:668)
	at com.pb.kaganovich.hw9.FileNumbers.createOddNumbersFile(FileNumbers.java:49)
	at com.pb.kaganovich.hw9.FileNumbers.main(FileNumbers.java:82)

ноя 20, 2021 8:32:09 PM com.pb.kaganovich.hw9.FileNumbers createOddNumbersFile
INFO: Метод createOddNumbersFile() завершает работу 
ноя 20, 2021 8:32:09 PM com.pb.kaganovich.hw9.FileNumbers main
INFO: Обработка завершена.
